<?xml version="1.0" encoding="UTF-8"?>
<!-- Generated by org.testng.reporters.JUnitXMLReporter -->
<testsuite hostname="HIBACL131408" ignored="0" name="Default test" tests="3" failures="0" timestamp="30 Nov 2019 06:13:42 GMT" time="54.413" errors="0">
  <testcase name="testLogin" time="23.041" classname="testCases.ExecuteTest_WithDataDriven"/>
  <testcase name="testLogin" time="15.501" classname="testCases.ExecuteTest_WithDataDriven"/>
  <testcase name="testLogin" time="15.827" classname="testCases.ExecuteTest_WithDataDriven"/>
</testsuite> <!-- Default test -->
