<?xml version="1.0" encoding="UTF-8"?>
<testng-results skipped="0" failed="0" ignored="0" total="3" passed="3">
  <reporter-output>
  </reporter-output>
  <suite name="Default suite" duration-ms="54413" started-at="2019-11-30T06:12:48Z" finished-at="2019-11-30T06:13:42Z">
    <groups>
    </groups>
    <test name="Default test" duration-ms="54413" started-at="2019-11-30T06:12:48Z" finished-at="2019-11-30T06:13:42Z">
      <class name="testCases.ExecuteTest_WithDataDriven">
        <test-method status="PASS" signature="testLogin(java.lang.String, java.lang.String)[pri:0, instance:testCases.ExecuteTest_WithDataDriven@932bc4a]" name="testLogin" duration-ms="23041" started-at="2019-11-30T11:42:48Z" data-provider="Login" finished-at="2019-11-30T11:43:11Z">
          <params>
            <param index="0">
              <value>
                <![CDATA[testing]]>
              </value>
            </param>
            <param index="1">
              <value>
                <![CDATA[testing]]>
              </value>
            </param>
          </params>
          <reporter-output>
          </reporter-output>
        </test-method> <!-- testLogin -->
        <test-method status="PASS" signature="testLogin(java.lang.String, java.lang.String)[pri:0, instance:testCases.ExecuteTest_WithDataDriven@932bc4a]" name="testLogin" duration-ms="15501" started-at="2019-11-30T11:43:11Z" data-provider="Login" finished-at="2019-11-30T11:43:26Z">
          <params>
            <param index="0">
              <value>
                <![CDATA[dixit]]>
              </value>
            </param>
            <param index="1">
              <value>
                <![CDATA[dixit]]>
              </value>
            </param>
          </params>
          <reporter-output>
          </reporter-output>
        </test-method> <!-- testLogin -->
        <test-method status="PASS" signature="testLogin(java.lang.String, java.lang.String)[pri:0, instance:testCases.ExecuteTest_WithDataDriven@932bc4a]" name="testLogin" duration-ms="15827" started-at="2019-11-30T11:43:26Z" data-provider="Login" finished-at="2019-11-30T11:43:42Z">
          <params>
            <param index="0">
              <value>
                <![CDATA[testabhi]]>
              </value>
            </param>
            <param index="1">
              <value>
                <![CDATA[testabhi]]>
              </value>
            </param>
          </params>
          <reporter-output>
          </reporter-output>
        </test-method> <!-- testLogin -->
      </class> <!-- testCases.ExecuteTest_WithDataDriven -->
    </test> <!-- Default test -->
  </suite> <!-- Default suite -->
</testng-results>
